[2026-03-24 18:15:22,484: INFO: common: yaml file: config\config.yaml loaded successfully]
[2026-03-24 18:15:22,510: INFO: common: yaml file: params.yaml loaded successfully]
[2026-03-24 18:15:22,510: INFO: common: created directory at: artifacts]
[2026-03-24 18:15:22,515: INFO: common: created directory at: artifacts/data_ingestion]
[2026-03-24 18:15:22,515: INFO: 3172177572: Downloading data from https://drive.google.com/file/d/1vlhZ5c7abUKF8xXERIw6m9Te8fW7ohw3/view?usp=sharing into file artifacts/data_ingestion/data.zip]
[2026-03-24 18:15:32,174: INFO: 3172177572: Downloaded data from https://drive.google.com/file/d/1vlhZ5c7abUKF8xXERIw6m9Te8fW7ohw3/view?usp=sharing into file artifacts/data_ingestion/data.zip]
[2026-03-25 17:12:23,029: INFO: main: >>>>>> stage Data Ingestion stage started <<<<<<]
[2026-03-25 17:12:23,033: INFO: common: yaml file: config\config.yaml loaded successfully]
[2026-03-25 17:12:23,048: INFO: common: yaml file: params.yaml loaded successfully]
[2026-03-25 17:12:23,049: INFO: common: created directory at: artifacts]
[2026-03-25 17:12:23,050: INFO: common: created directory at: artifacts/data_ingestion]
[2026-03-25 17:12:23,050: INFO: data_ingestion_component: Downloading data from https://drive.google.com/file/d/1vlhZ5c7abUKF8xXERIw6m9Te8fW7ohw3/view?usp=sharing into file artifacts/data_ingestion/data.zip]
[2026-03-25 17:12:34,437: INFO: data_ingestion_component: Downloaded data from https://drive.google.com/file/d/1vlhZ5c7abUKF8xXERIw6m9Te8fW7ohw3/view?usp=sharing into file artifacts/data_ingestion/data.zip]
[2026-03-25 17:12:35,608: INFO: main: >>>>>> stage Data Ingestion stage completed <<<<<<

x==========x]
[2026-03-25 17:59:40,128: INFO: main: >>>>>> stage Data Ingestion stage started <<<<<<]
[2026-03-25 17:59:40,131: INFO: common: yaml file: config\config.yaml loaded successfully]
[2026-03-25 17:59:40,134: INFO: common: yaml file: params.yaml loaded successfully]
[2026-03-25 17:59:40,135: INFO: common: created directory at: artifacts]
[2026-03-25 17:59:40,136: INFO: common: created directory at: artifacts/data_ingestion]
[2026-03-25 17:59:40,137: INFO: data_ingestion_component: Downloading data from https://drive.google.com/file/d/1vlhZ5c7abUKF8xXERIw6m9Te8fW7ohw3/view?usp=sharing into file artifacts/data_ingestion/data.zip]
[2026-03-25 17:59:49,880: INFO: data_ingestion_component: Downloaded data from https://drive.google.com/file/d/1vlhZ5c7abUKF8xXERIw6m9Te8fW7ohw3/view?usp=sharing into file artifacts/data_ingestion/data.zip]
[2026-03-25 17:59:50,995: INFO: main: >>>>>> stage Data Ingestion stage completed <<<<<<

x==========x]
[2026-03-25 17:59:50,995: INFO: main: >>>>>> stage prepare base model started <<<<<<]
[2026-03-25 17:59:50,999: INFO: common: yaml file: config\config.yaml loaded successfully]
[2026-03-25 17:59:51,006: INFO: common: yaml file: params.yaml loaded successfully]
[2026-03-25 17:59:51,008: INFO: common: created directory at: artifacts]
[2026-03-25 17:59:51,009: ERROR: main: "'ConfigBox' object has no attribute 'prepare_base_model'"]
Traceback (most recent call last):
  File "box\box.py", line 503, in box.box.Box.__getitem__
KeyError: 'prepare_base_model'

The above exception was the direct cause of the following exception:

Traceback (most recent call last):
  File "box\box.py", line 536, in box.box.Box.__getattr__
  File "box\box.py", line 524, in box.box.Box.__getitem__
box.exceptions.BoxKeyError: "'prepare_base_model'"

During handling of the above exception, another exception occurred:

Traceback (most recent call last):
  File "box\box.py", line 538, in box.box.Box.__getattr__
AttributeError: 'ConfigBox' object has no attribute 'prepare_base_model'

The above exception was the direct cause of the following exception:

Traceback (most recent call last):
  File "box\config_box.py", line 28, in box.config_box.ConfigBox.__getattr__
  File "box\box.py", line 552, in box.box.Box.__getattr__
box.exceptions.BoxKeyError: "'ConfigBox' object has no attribute 'prepare_base_model'"

During handling of the above exception, another exception occurred:

Traceback (most recent call last):
  File "box\box.py", line 503, in box.box.Box.__getitem__
KeyError: 'prepare_base_model'

The above exception was the direct cause of the following exception:

Traceback (most recent call last):
  File "box\box.py", line 536, in box.box.Box.__getattr__
  File "box\box.py", line 524, in box.box.Box.__getitem__
box.exceptions.BoxKeyError: "'prepare_base_model'"

During handling of the above exception, another exception occurred:

Traceback (most recent call last):
  File "box\box.py", line 538, in box.box.Box.__getattr__
AttributeError: 'ConfigBox' object has no attribute 'prepare_base_model'

The above exception was the direct cause of the following exception:

Traceback (most recent call last):
  File "D:\wd_project_26\main.py", line 22, in <module>
    data_ingestion.main()
  File "D:\wd_project_26\src\cnnClassifier\pipeline\stage_02_preparebasepipeline.py", line 14, in main
    prepare_base_model_config = config.get_prepare_base_model_config()
  File "D:\wd_project_26\src\cnnClassifier\config\configuration.py", line 35, in get_prepare_base_model_config
    config = self.config.prepare_base_model
  File "box\config_box.py", line 30, in box.config_box.ConfigBox.__getattr__
  File "box\box.py", line 552, in box.box.Box.__getattr__
box.exceptions.BoxKeyError: "'ConfigBox' object has no attribute 'prepare_base_model'"
[2026-03-25 18:02:45,338: INFO: main: >>>>>> stage Data Ingestion stage started <<<<<<]
[2026-03-25 18:02:45,341: INFO: common: yaml file: config\config.yaml loaded successfully]
[2026-03-25 18:02:45,345: INFO: common: yaml file: params.yaml loaded successfully]
[2026-03-25 18:02:45,346: INFO: common: created directory at: artifacts]
[2026-03-25 18:02:45,347: INFO: common: created directory at: artifacts/data_ingestion]
[2026-03-25 18:02:45,348: INFO: data_ingestion_component: Downloading data from https://drive.google.com/file/d/1vlhZ5c7abUKF8xXERIw6m9Te8fW7ohw3/view?usp=sharing into file artifacts/data_ingestion/data.zip]
[2026-03-25 18:02:55,488: INFO: data_ingestion_component: Downloaded data from https://drive.google.com/file/d/1vlhZ5c7abUKF8xXERIw6m9Te8fW7ohw3/view?usp=sharing into file artifacts/data_ingestion/data.zip]
[2026-03-25 18:02:56,450: INFO: main: >>>>>> stage Data Ingestion stage completed <<<<<<

x==========x]
[2026-03-25 18:02:56,454: INFO: main: >>>>>> stage Prepare base model started <<<<<<]
[2026-03-25 18:02:56,459: INFO: common: yaml file: config\config.yaml loaded successfully]
[2026-03-25 18:02:56,491: INFO: common: yaml file: params.yaml loaded successfully]
[2026-03-25 18:02:56,499: INFO: common: created directory at: artifacts]
[2026-03-25 18:02:56,508: ERROR: main: "'ConfigBox' object has no attribute 'prepare_base_model'"]
Traceback (most recent call last):
  File "box\box.py", line 503, in box.box.Box.__getitem__
KeyError: 'prepare_base_model'

The above exception was the direct cause of the following exception:

Traceback (most recent call last):
  File "box\box.py", line 536, in box.box.Box.__getattr__
  File "box\box.py", line 524, in box.box.Box.__getitem__
box.exceptions.BoxKeyError: "'prepare_base_model'"

During handling of the above exception, another exception occurred:

Traceback (most recent call last):
  File "box\box.py", line 538, in box.box.Box.__getattr__
AttributeError: 'ConfigBox' object has no attribute 'prepare_base_model'

The above exception was the direct cause of the following exception:

Traceback (most recent call last):
  File "box\config_box.py", line 28, in box.config_box.ConfigBox.__getattr__
  File "box\box.py", line 552, in box.box.Box.__getattr__
box.exceptions.BoxKeyError: "'ConfigBox' object has no attribute 'prepare_base_model'"

During handling of the above exception, another exception occurred:

Traceback (most recent call last):
  File "box\box.py", line 503, in box.box.Box.__getitem__
KeyError: 'prepare_base_model'

The above exception was the direct cause of the following exception:

Traceback (most recent call last):
  File "box\box.py", line 536, in box.box.Box.__getattr__
  File "box\box.py", line 524, in box.box.Box.__getitem__
box.exceptions.BoxKeyError: "'prepare_base_model'"

During handling of the above exception, another exception occurred:

Traceback (most recent call last):
  File "box\box.py", line 538, in box.box.Box.__getattr__
AttributeError: 'ConfigBox' object has no attribute 'prepare_base_model'

The above exception was the direct cause of the following exception:

Traceback (most recent call last):
  File "D:\wd_project_26\main.py", line 22, in <module>
    prepare_base_model.main()
  File "D:\wd_project_26\src\cnnClassifier\pipeline\stage_02_preparebasepipeline.py", line 14, in main
    prepare_base_model_config = config.get_prepare_base_model_config()
  File "D:\wd_project_26\src\cnnClassifier\config\configuration.py", line 35, in get_prepare_base_model_config
    config = self.config.prepare_base_model
  File "box\config_box.py", line 30, in box.config_box.ConfigBox.__getattr__
  File "box\box.py", line 552, in box.box.Box.__getattr__
box.exceptions.BoxKeyError: "'ConfigBox' object has no attribute 'prepare_base_model'"
[2026-03-25 18:05:21,637: INFO: main: >>>>>> stage Data Ingestion stage started <<<<<<]
[2026-03-25 18:05:21,642: INFO: common: yaml file: config\config.yaml loaded successfully]
[2026-03-25 18:05:21,647: INFO: common: yaml file: params.yaml loaded successfully]
[2026-03-25 18:05:21,648: INFO: common: created directory at: artifacts]
[2026-03-25 18:05:21,649: INFO: common: created directory at: artifacts/data_ingestion]
[2026-03-25 18:05:21,650: INFO: data_ingestion_component: Downloading data from https://drive.google.com/file/d/1vlhZ5c7abUKF8xXERIw6m9Te8fW7ohw3/view?usp=sharing into file artifacts/data_ingestion/data.zip]
[2026-03-25 18:05:31,290: INFO: data_ingestion_component: Downloaded data from https://drive.google.com/file/d/1vlhZ5c7abUKF8xXERIw6m9Te8fW7ohw3/view?usp=sharing into file artifacts/data_ingestion/data.zip]
[2026-03-25 18:05:32,254: INFO: main: >>>>>> stage Data Ingestion stage completed <<<<<<

x==========x]
[2026-03-25 18:05:32,256: INFO: main: >>>>>> stage Prepare base model started <<<<<<]
[2026-03-25 18:05:32,259: INFO: common: yaml file: config\config.yaml loaded successfully]
[2026-03-25 18:05:32,285: INFO: common: yaml file: params.yaml loaded successfully]
[2026-03-25 18:05:32,289: INFO: common: created directory at: artifacts]
[2026-03-25 18:05:32,290: INFO: common: created directory at: artifacts/prepare_base_model]
[2026-03-25 18:05:34,725: INFO: main: >>>>>> stage Prepare base model completed <<<<<<

x==========x]
[2026-03-26 17:29:33,189: INFO: main: >>>>>> stage Data Ingestion stage started <<<<<<]
[2026-03-26 17:29:33,210: INFO: common: yaml file: config\config.yaml loaded successfully]
[2026-03-26 17:29:33,279: INFO: common: yaml file: params.yaml loaded successfully]
[2026-03-26 17:29:33,320: INFO: common: created directory at: artifacts]
[2026-03-26 17:29:33,326: INFO: common: created directory at: artifacts/data_ingestion]
[2026-03-26 17:29:33,329: INFO: data_ingestion_component: Downloading data from https://drive.google.com/file/d/1vlhZ5c7abUKF8xXERIw6m9Te8fW7ohw3/view?usp=sharing into file artifacts/data_ingestion/data.zip]
[2026-03-26 17:29:43,855: INFO: data_ingestion_component: Downloaded data from https://drive.google.com/file/d/1vlhZ5c7abUKF8xXERIw6m9Te8fW7ohw3/view?usp=sharing into file artifacts/data_ingestion/data.zip]
[2026-03-26 17:29:45,295: INFO: main: >>>>>> stage Data Ingestion stage completed <<<<<<

x==========x]
[2026-03-26 17:29:45,300: INFO: main: >>>>>> stage Prepare base model started <<<<<<]
[2026-03-26 17:29:45,303: INFO: common: yaml file: config\config.yaml loaded successfully]
[2026-03-26 17:29:45,309: INFO: common: yaml file: params.yaml loaded successfully]
[2026-03-26 17:29:45,312: INFO: common: created directory at: artifacts]
[2026-03-26 17:29:45,321: INFO: common: created directory at: artifacts/prepare_base_model]
[2026-03-26 17:29:48,364: INFO: main: >>>>>> stage Prepare base model completed <<<<<<

x==========x]
[2026-03-26 17:29:48,365: INFO: main: >>>>>> stage Model training started <<<<<<]
[2026-03-26 17:29:48,367: INFO: common: yaml file: config\config.yaml loaded successfully]
[2026-03-26 17:29:48,379: INFO: common: yaml file: params.yaml loaded successfully]
[2026-03-26 17:29:48,392: INFO: common: created directory at: artifacts]
[2026-03-26 17:29:48,420: INFO: common: created directory at: artifacts\training]
[2026-03-26 17:32:08,770: INFO: main: >>>>>> stage Model training completed <<<<<<

x==========x]
[2026-03-26 18:16:11,194: INFO: main: >>>>>> stage Data Ingestion stage started <<<<<<]
[2026-03-26 18:16:11,198: INFO: common: yaml file: config\config.yaml loaded successfully]
[2026-03-26 18:16:11,202: INFO: common: yaml file: params.yaml loaded successfully]
[2026-03-26 18:16:11,203: INFO: common: created directory at: artifacts]
[2026-03-26 18:16:11,203: INFO: common: created directory at: artifacts/data_ingestion]
[2026-03-26 18:16:11,205: INFO: data_ingestion_component: Downloading data from https://drive.google.com/file/d/1vlhZ5c7abUKF8xXERIw6m9Te8fW7ohw3/view?usp=sharing into file artifacts/data_ingestion/data.zip]
[2026-03-26 18:16:19,178: INFO: data_ingestion_component: Downloaded data from https://drive.google.com/file/d/1vlhZ5c7abUKF8xXERIw6m9Te8fW7ohw3/view?usp=sharing into file artifacts/data_ingestion/data.zip]
[2026-03-26 18:16:20,229: INFO: main: >>>>>> stage Data Ingestion stage completed <<<<<<

x==========x]
[2026-03-26 18:16:20,230: INFO: main: >>>>>> stage Prepare base model started <<<<<<]
[2026-03-26 18:16:20,234: INFO: common: yaml file: config\config.yaml loaded successfully]
[2026-03-26 18:16:20,241: INFO: common: yaml file: params.yaml loaded successfully]
[2026-03-26 18:16:20,242: INFO: common: created directory at: artifacts]
[2026-03-26 18:16:20,244: INFO: common: created directory at: artifacts/prepare_base_model]
[2026-03-26 18:16:23,184: INFO: main: >>>>>> stage Prepare base model completed <<<<<<

x==========x]
[2026-03-26 18:16:23,186: INFO: main: >>>>>> stage Model training started <<<<<<]
[2026-03-26 18:16:23,193: INFO: common: yaml file: config\config.yaml loaded successfully]
[2026-03-26 18:16:23,199: INFO: common: yaml file: params.yaml loaded successfully]
[2026-03-26 18:16:23,202: INFO: common: created directory at: artifacts]
[2026-03-26 18:16:23,239: INFO: common: created directory at: artifacts\training]
[2026-03-26 18:18:50,905: INFO: main: >>>>>> stage Model training completed <<<<<<

x==========x]
[2026-03-26 18:18:50,908: INFO: main: >>>>>> stage Model evaluation started <<<<<<]
[2026-03-26 18:18:50,916: INFO: common: yaml file: config\config.yaml loaded successfully]
[2026-03-26 18:18:50,961: INFO: common: yaml file: params.yaml loaded successfully]
[2026-03-26 18:18:50,962: INFO: common: created directory at: artifacts]
[2026-03-26 18:19:37,523: INFO: common: json file saved at: scores.json]
[2026-03-26 18:19:37,534: INFO: common: json file saved at: scores.json]
[2026-03-26 18:20:12,483: INFO: main: >>>>>> stage Model evaluation completed <<<<<<

x==========x]
[2026-04-04 13:15:29,306: INFO: main: >>>>>> stage Data Ingestion stage started <<<<<<]
[2026-04-04 13:15:29,322: INFO: common: yaml file: config\config.yaml loaded successfully]
[2026-04-04 13:15:29,345: INFO: common: yaml file: params.yaml loaded successfully]
[2026-04-04 13:15:29,363: INFO: common: created directory at: artifacts]
[2026-04-04 13:15:29,364: INFO: common: created directory at: artifacts/data_ingestion]
[2026-04-04 13:15:29,365: INFO: data_ingestion_component: Downloading data from https://drive.google.com/file/d/1vlhZ5c7abUKF8xXERIw6m9Te8fW7ohw3/view?usp=sharing into file artifacts/data_ingestion/data.zip]
[2026-04-04 13:15:37,015: INFO: data_ingestion_component: Downloaded data from https://drive.google.com/file/d/1vlhZ5c7abUKF8xXERIw6m9Te8fW7ohw3/view?usp=sharing into file artifacts/data_ingestion/data.zip]
[2026-04-04 13:15:38,106: INFO: main: >>>>>> stage Data Ingestion stage completed <<<<<<

x==========x]
[2026-04-04 13:15:38,107: INFO: main: >>>>>> stage Prepare base model started <<<<<<]
[2026-04-04 13:15:38,112: INFO: common: yaml file: config\config.yaml loaded successfully]
[2026-04-04 13:15:38,115: INFO: common: yaml file: params.yaml loaded successfully]
[2026-04-04 13:15:38,117: INFO: common: created directory at: artifacts]
[2026-04-04 13:15:38,117: INFO: common: created directory at: artifacts/prepare_base_model]
[2026-04-04 13:15:40,504: INFO: main: >>>>>> stage Prepare base model completed <<<<<<

x==========x]
[2026-04-04 13:15:40,505: INFO: main: >>>>>> stage Model training started <<<<<<]
[2026-04-04 13:15:40,510: INFO: common: yaml file: config\config.yaml loaded successfully]
[2026-04-04 13:15:40,514: INFO: common: yaml file: params.yaml loaded successfully]
[2026-04-04 13:15:40,532: INFO: common: created directory at: artifacts]
[2026-04-04 13:15:40,534: INFO: common: created directory at: artifacts\training]
[2026-04-04 13:18:47,727: INFO: main: >>>>>> stage Model training completed <<<<<<

x==========x]
[2026-04-04 13:18:47,728: INFO: main: >>>>>> stage Model evaluation started <<<<<<]
[2026-04-04 13:18:47,735: INFO: common: yaml file: config\config.yaml loaded successfully]
[2026-04-04 13:18:47,738: INFO: common: yaml file: params.yaml loaded successfully]
[2026-04-04 13:18:47,739: INFO: common: created directory at: artifacts]
[2026-04-04 13:19:38,436: INFO: common: json file saved at: scores.json]
[2026-04-04 13:19:38,441: INFO: common: json file saved at: scores.json]
[2026-04-04 13:20:15,171: INFO: main: >>>>>> stage Model evaluation completed <<<<<<

x==========x]
[2026-04-04 14:13:47,844: INFO: _internal: [31m[1mWARNING: This is a development server. Do not use it in a production deployment. Use a production WSGI server instead.[0m
 * Running on http://127.0.0.1:5000]
[2026-04-04 14:13:47,846: INFO: _internal: [33mPress CTRL+C to quit[0m]
[2026-04-04 14:13:47,854: INFO: _internal:  * Restarting with stat]
[2026-04-04 14:13:58,227: WARNING: _internal:  * Debugger is active!]
[2026-04-04 14:13:58,236: INFO: _internal:  * Debugger PIN: 376-430-947]
[2026-04-04 14:15:57,072: INFO: _internal: 127.0.0.1 - - [04/Apr/2026 14:15:57] "GET / HTTP/1.1" 200 -]
[2026-04-04 14:17:11,101: INFO: _internal: 127.0.0.1 - - [04/Apr/2026 14:17:11] "POST /predict HTTP/1.1" 200 -]
[2026-04-04 14:18:11,451: INFO: _internal: 127.0.0.1 - - [04/Apr/2026 14:18:11] "POST /predict HTTP/1.1" 200 -]
[2026-04-04 14:18:56,771: INFO: _internal: 127.0.0.1 - - [04/Apr/2026 14:18:56] "POST /predict HTTP/1.1" 200 -]
[2026-04-04 14:19:49,697: INFO: _internal: 127.0.0.1 - - [04/Apr/2026 14:19:49] "POST /predict HTTP/1.1" 200 -]
[2026-04-04 14:35:27,203: INFO: _internal:  * Detected change in 'D:\\wd_project_26\\app.py', reloading]
[2026-04-04 14:35:28,612: INFO: _internal:  * Restarting with stat]
[2026-04-04 14:35:48,342: WARNING: _internal:  * Debugger is active!]
[2026-04-04 14:35:48,351: INFO: _internal:  * Debugger PIN: 376-430-947]
